{
  "RSpec": {
    "coverage": {
      "/home/janis/code/music_collection/app/models/user.rb": [
        1,
        1,
        null,
        null,
        1,
        null,
        1,
        null
      ],
      "/home/janis/code/music_collection/app/controllers/application_controller.rb": [
        1,
        1,
        null,
        1,
        10,
        null,
        1,
        null,
        1,
        null,
        1,
        0,
        null,
        null
      ],
      "/home/janis/code/music_collection/app/helpers/application_helper.rb": [
        1,
        null
      ],
      "/home/janis/code/music_collection/app/helpers/albums_helper.rb": [
        1,
        null
      ],
      "/home/janis/code/music_collection/app/helpers/home_helper.rb": [
        1,
        null
      ],
      "/home/janis/code/music_collection/app/controllers/albums_controller.rb": [
        1,
        1,
        1,
        1,
        null,
        1,
        0,
        0,
        null,
        null,
        1,
        2,
        null,
        null,
        1,
        0,
        null,
        null,
        1,
        null,
        null,
        1,
        0,
        0,
        0,
        null,
        0,
        null,
        null,
        null,
        1,
        0,
        null,
        0,
        0,
        null,
        0,
        null,
        null,
        null,
        1,
        0,
        0,
        null,
        null
      ],
      "/home/janis/code/music_collection/app/models/album.rb": [
        1,
        1,
        1,
        1,
        null,
        1,
        null,
        1,
        1,
        null,
        1,
        1,
        null,
        null
      ],
      "/home/janis/code/music_collection/app/uploaders/cover_image_uploader.rb": [
        null,
        null,
        1,
        1,
        null,
        1,
        null,
        1,
        0,
        null,
        null,
        1,
        null,
        1,
        1,
        null,
        null,
        1,
        1,
        null,
        null,
        1,
        1,
        null,
        null,
        1,
        0,
        null,
        null,
        null
      ],
      "/home/janis/code/music_collection/app/controllers/home_controller.rb": [
        1,
        1,
        0,
        null,
        null
      ],
      "/home/janis/code/music_collection/app/models/ability.rb": [
        1,
        1,
        null,
        1,
        null,
        null,
        12,
        12,
        12,
        12,
        null,
        null,
        null,
        null,
        null,
        null,
        null,
        null,
        null,
        null,
        null,
        null,
        null,
        null,
        null,
        null,
        null,
        null,
        null,
        null,
        null
      ],
      "/home/janis/code/music_collection/app/models/genre.rb": [
        1,
        1,
        1,
        null
      ]
    },
    "timestamp": 1352027385
  }
}
