{
  "RSpec": {
    "coverage": {
      "/home/janis/code/music_collection/app/models/user.rb": [
        1,
        1,
        null,
        null,
        1,
        null,
        1,
        null
      ],
      "/home/janis/code/music_collection/app/controllers/application_controller.rb": [
        1,
        1,
        null,
        1,
        10,
        null,
        1,
        null,
        1,
        null,
        1,
        1,
        null,
        null,
        1,
        10,
        null,
        null
      ],
      "/home/janis/code/music_collection/app/controllers/albums_controller.rb": [
        1,
        1,
        1,
        1,
        null,
        1,
        9,
        9,
        null,
        null,
        1,
        7,
        null,
        null,
        1,
        2,
        null,
        null,
        1,
        null,
        null,
        1,
        2,
        2,
        1,
        null,
        1,
        null,
        null,
        null,
        1,
        3,
        2,
        null,
        1,
        null,
        null,
        null,
        1,
        1,
        1,
        null,
        null
      ],
      "/home/janis/code/music_collection/app/models/album.rb": [
        1,
        1,
        1,
        1,
        null,
        1,
        null,
        1,
        1,
        null,
        1,
        1,
        null,
        null
      ],
      "/home/janis/code/music_collection/app/uploaders/cover_image_uploader.rb": [
        null,
        null,
        1,
        1,
        null,
        1,
        null,
        1,
        16,
        null,
        null,
        1,
        null,
        1,
        1,
        null,
        null,
        1,
        1,
        null,
        null,
        1,
        1,
        null,
        null,
        1,
        24,
        null,
        null,
        null
      ],
      "/home/janis/code/music_collection/app/controllers/home_controller.rb": [
        1,
        1,
        16,
        null,
        null
      ],
      "/home/janis/code/music_collection/app/models/ability.rb": [
        1,
        1,
        null,
        1,
        37,
        37,
        37,
        37,
        null,
        null
      ],
      "/home/janis/code/music_collection/app/models/genre.rb": [
        1,
        1,
        1,
        1,
        null
      ]
    },
    "timestamp": 1352055054
  }
}
